<?xml version="1.0" encoding="UTF-8"?>
<testsuite name="htd.TestIndexManager" tests="1" skipped="1" failures="0" errors="0" timestamp="2025-06-16T15:59:58" hostname="DESKTOP-72RD6OV" time="15.822">
  <properties/>
  <testcase name="createIndexTest()" classname="htd.TestIndexManager" time="15.822">
    <skipped/>
  </testcase>
  <system-out><![CDATA[]]></system-out>
  <system-err><![CDATA[]]></system-err>
</testsuite>
